<?xml version="1.0" encoding="UTF-8"?>
<testng-results skipped="0" failed="0" total="2" passed="2">
  <reporter-output>
  </reporter-output>
  <suite name="Default suite" duration-ms="59694" started-at="2021-04-22T18:47:24Z" finished-at="2021-04-22T18:48:23Z">
    <groups>
    </groups>
    <test name="Default test" duration-ms="59694" started-at="2021-04-22T18:47:24Z" finished-at="2021-04-22T18:48:23Z">
      <class name="com.api.rmgYantra.GetSingleProject">
        <test-method status="PASS" signature="getAllProjects()[pri:0, instance:com.api.rmgYantra.GetSingleProject@d2cc05a]" name="getAllProjects" duration-ms="58386" started-at="2021-04-23T00:17:24Z" finished-at="2021-04-23T00:18:22Z">
          <reporter-output>
          </reporter-output>
        </test-method> <!-- getAllProjects -->
        <test-method status="PASS" signature="getSignleProject()[pri:0, instance:com.api.rmgYantra.GetSingleProject@d2cc05a]" name="getSignleProject" duration-ms="884" started-at="2021-04-23T00:18:22Z" finished-at="2021-04-23T00:18:23Z">
          <reporter-output>
          </reporter-output>
        </test-method> <!-- getSignleProject -->
      </class> <!-- com.api.rmgYantra.GetSingleProject -->
    </test> <!-- Default test -->
  </suite> <!-- Default suite -->
</testng-results>
